(venv) justin.goings@FTG10500 venv % python3 project_moniker.py /Users/justin.goings/Applications/project_moniker/archive/conf_sample.conf -O 0
Variables:
"test" = f1.filter0.mutate0.v1.4
"test" = f1.mutate1.v2.10
"source" = f1.json0.v3.15
"source" = f1.json1.v4.20
"tag" = f1.drop0.v5.26
"output" = f1.mutate4.v9.45
"@output" = f1.mutate5.v10.57

UDM Fields:
"output.principal.vendor_name" = f1.mutate2.v6.32
"event.idm.read_only_udm.principal.product_name" = f1.mutate2.v7.33
"output.principal.event_type" = f1.mutate3.v8.39

Full Output:
"filter" = f1.filter0.f1.1
"mutate" = f1.filter0.mutate0.m1.2
"replace" = f1.filter0.mutate0.r1.3
"mutate" = f1.mutate1.m2.8
"replace" = f1.mutate1.r2.9
"json" = f1.json0.j1.14
"on_error" = f1.json0.err1.16
"json" = f1.json1.j2.19
"on_error" = f1.json1.err2.21
"if" = f1.c1.24
"drop" = f1.drop0.dr1.25
"mutate" = f1.mutate2.m3.30
"replace" = f1.mutate2.r3.31
"mutate" = f1.mutate3.m4.37
"replace" = f1.mutate3.r4.38
"mutate" = f1.mutate4.m5.43
"rename" = f1.mutate4.rn1.44
"statedump" = f1.statedump0.sd1.51
"label" = f1.statedump0.l1.52
"mutate" = f1.mutate5.m6.55
"merge" = f1.mutate5.mr1.56

Nesting Levels: 1
